running egg_info
creating build/encoder_bridge/encoder_bridge.egg-info
writing build/encoder_bridge/encoder_bridge.egg-info/PKG-INFO
writing dependency_links to build/encoder_bridge/encoder_bridge.egg-info/dependency_links.txt
writing entry points to build/encoder_bridge/encoder_bridge.egg-info/entry_points.txt
writing requirements to build/encoder_bridge/encoder_bridge.egg-info/requires.txt
writing top-level names to build/encoder_bridge/encoder_bridge.egg-info/top_level.txt
writing manifest file 'build/encoder_bridge/encoder_bridge.egg-info/SOURCES.txt'
reading manifest file 'build/encoder_bridge/encoder_bridge.egg-info/SOURCES.txt'
writing manifest file 'build/encoder_bridge/encoder_bridge.egg-info/SOURCES.txt'
running build
running build_py
creating /home/mrl_6534/ros2_ws/src/encoder_bridge/build/encoder_bridge/build
creating /home/mrl_6534/ros2_ws/src/encoder_bridge/build/encoder_bridge/build/lib
creating /home/mrl_6534/ros2_ws/src/encoder_bridge/build/encoder_bridge/build/lib/encoder_bridge
copying encoder_bridge/encoder_angle_hex_node.py -> /home/mrl_6534/ros2_ws/src/encoder_bridge/build/encoder_bridge/build/lib/encoder_bridge
copying encoder_bridge/__init__.py -> /home/mrl_6534/ros2_ws/src/encoder_bridge/build/encoder_bridge/build/lib/encoder_bridge
running install
running install_lib
creating /home/mrl_6534/ros2_ws/src/encoder_bridge/install/encoder_bridge/lib/python3.10/site-packages/encoder_bridge
copying /home/mrl_6534/ros2_ws/src/encoder_bridge/build/encoder_bridge/build/lib/encoder_bridge/__init__.py -> /home/mrl_6534/ros2_ws/src/encoder_bridge/install/encoder_bridge/lib/python3.10/site-packages/encoder_bridge
copying /home/mrl_6534/ros2_ws/src/encoder_bridge/build/encoder_bridge/build/lib/encoder_bridge/encoder_angle_hex_node.py -> /home/mrl_6534/ros2_ws/src/encoder_bridge/install/encoder_bridge/lib/python3.10/site-packages/encoder_bridge
byte-compiling /home/mrl_6534/ros2_ws/src/encoder_bridge/install/encoder_bridge/lib/python3.10/site-packages/encoder_bridge/__init__.py to __init__.cpython-310.pyc
byte-compiling /home/mrl_6534/ros2_ws/src/encoder_bridge/install/encoder_bridge/lib/python3.10/site-packages/encoder_bridge/encoder_angle_hex_node.py to encoder_angle_hex_node.cpython-310.pyc
running install_data
creating /home/mrl_6534/ros2_ws/src/encoder_bridge/install/encoder_bridge/share/ament_index
creating /home/mrl_6534/ros2_ws/src/encoder_bridge/install/encoder_bridge/share/ament_index/resource_index
creating /home/mrl_6534/ros2_ws/src/encoder_bridge/install/encoder_bridge/share/ament_index/resource_index/packages
copying resource/encoder_bridge -> /home/mrl_6534/ros2_ws/src/encoder_bridge/install/encoder_bridge/share/ament_index/resource_index/packages
copying package.xml -> /home/mrl_6534/ros2_ws/src/encoder_bridge/install/encoder_bridge/share/encoder_bridge
running install_egg_info
Copying build/encoder_bridge/encoder_bridge.egg-info to /home/mrl_6534/ros2_ws/src/encoder_bridge/install/encoder_bridge/lib/python3.10/site-packages/encoder_bridge-0.0.0-py3.10.egg-info
running install_scripts
Installing encoder_angle_hex_node script to /home/mrl_6534/ros2_ws/src/encoder_bridge/install/encoder_bridge/lib/encoder_bridge
writing list of installed files to '/home/mrl_6534/ros2_ws/src/encoder_bridge/build/encoder_bridge/install.log'
