[0.073s] DEBUG:colcon:Command line arguments: ['/usr/bin/colcon', 'build', '--packages-select', 'encoder_bridge']
[0.073s] DEBUG:colcon:Parsed command line arguments: Namespace(log_base=None, log_level=None, verb_name='build', build_base='build', install_base='install', merge_install=False, symlink_install=False, test_result_base=None, continue_on_error=False, executor='parallel', parallel_workers=36, event_handlers=None, ignore_user_meta=False, metas=['./colcon.meta'], base_paths=['.'], packages_ignore=None, packages_ignore_regex=None, paths=None, packages_up_to=None, packages_up_to_regex=None, packages_above=None, packages_above_and_dependencies=None, packages_above_depth=None, packages_select_by_dep=None, packages_skip_by_dep=None, packages_skip_up_to=None, packages_select_build_failed=False, packages_skip_build_finished=False, packages_select_test_failures=False, packages_skip_test_passed=False, packages_select=['encoder_bridge'], packages_skip=None, packages_select_regex=None, packages_skip_regex=None, packages_start=None, packages_end=None, allow_overriding=[], cmake_args=None, cmake_target=None, cmake_target_skip_unavailable=False, cmake_clean_cache=False, cmake_clean_first=False, cmake_force_configure=False, ament_cmake_args=None, catkin_cmake_args=None, catkin_skip_building_tests=False, verb_parser=<colcon_defaults.argument_parser.defaults.DefaultArgumentsDecorator object at 0x7136adb6f220>, verb_extension=<colcon_core.verb.build.BuildVerb object at 0x7136adb6e200>, main=<bound method BuildVerb.main of <colcon_core.verb.build.BuildVerb object at 0x7136adb6e200>>)
[0.172s] Level 1:colcon.colcon_core.package_discovery:discover_packages(colcon_meta) check parameters
[0.172s] Level 1:colcon.colcon_core.package_discovery:discover_packages(recursive) check parameters
[0.172s] Level 1:colcon.colcon_core.package_discovery:discover_packages(ignore) check parameters
[0.172s] Level 1:colcon.colcon_core.package_discovery:discover_packages(path) check parameters
[0.172s] Level 1:colcon.colcon_core.package_discovery:discover_packages(colcon_meta) discover
[0.172s] Level 1:colcon.colcon_core.package_discovery:discover_packages(recursive) discover
[0.172s] INFO:colcon.colcon_core.package_discovery:Crawling recursively for packages in '/home/mrl_6534/ros2_ws/src/encoder_bridge'
[0.172s] Level 1:colcon.colcon_core.package_identification:_identify(.) by extensions ['ignore', 'ignore_ament_install']
[0.172s] Level 1:colcon.colcon_core.package_identification:_identify(.) by extension 'ignore'
[0.172s] Level 1:colcon.colcon_core.package_identification:_identify(.) by extension 'ignore_ament_install'
[0.172s] Level 1:colcon.colcon_core.package_identification:_identify(.) by extensions ['colcon_pkg']
[0.172s] Level 1:colcon.colcon_core.package_identification:_identify(.) by extension 'colcon_pkg'
[0.172s] Level 1:colcon.colcon_core.package_identification:_identify(.) by extensions ['colcon_meta']
[0.172s] Level 1:colcon.colcon_core.package_identification:_identify(.) by extension 'colcon_meta'
[0.172s] Level 1:colcon.colcon_core.package_identification:_identify(.) by extensions ['ros']
[0.172s] Level 1:colcon.colcon_core.package_identification:_identify(.) by extension 'ros'
[0.182s] DEBUG:colcon.colcon_core.package_identification:Package '.' with type 'ros.ament_python' and name 'encoder_bridge'
[0.182s] Level 1:colcon.colcon_core.package_discovery:discover_packages(recursive) using defaults
[0.182s] Level 1:colcon.colcon_core.package_discovery:discover_packages(ignore) discover
[0.182s] Level 1:colcon.colcon_core.package_discovery:discover_packages(ignore) using defaults
[0.182s] Level 1:colcon.colcon_core.package_discovery:discover_packages(path) discover
[0.182s] Level 1:colcon.colcon_core.package_discovery:discover_packages(path) using defaults
[0.220s] Level 1:colcon.colcon_core.package_discovery:discover_packages(prefix_path) check parameters
[0.220s] Level 1:colcon.colcon_core.package_discovery:discover_packages(prefix_path) discover
[0.221s] DEBUG:colcon.colcon_installed_package_information.package_discovery:Found 271 installed packages in /opt/ros/humble
[0.223s] Level 1:colcon.colcon_core.package_discovery:discover_packages(prefix_path) using defaults
[0.254s] Level 5:colcon.colcon_core.verb:set package 'encoder_bridge' build argument 'cmake_args' from command line to 'None'
[0.254s] Level 5:colcon.colcon_core.verb:set package 'encoder_bridge' build argument 'cmake_target' from command line to 'None'
[0.254s] Level 5:colcon.colcon_core.verb:set package 'encoder_bridge' build argument 'cmake_target_skip_unavailable' from command line to 'False'
[0.254s] Level 5:colcon.colcon_core.verb:set package 'encoder_bridge' build argument 'cmake_clean_cache' from command line to 'False'
[0.254s] Level 5:colcon.colcon_core.verb:set package 'encoder_bridge' build argument 'cmake_clean_first' from command line to 'False'
[0.254s] Level 5:colcon.colcon_core.verb:set package 'encoder_bridge' build argument 'cmake_force_configure' from command line to 'False'
[0.254s] Level 5:colcon.colcon_core.verb:set package 'encoder_bridge' build argument 'ament_cmake_args' from command line to 'None'
[0.254s] Level 5:colcon.colcon_core.verb:set package 'encoder_bridge' build argument 'catkin_cmake_args' from command line to 'None'
[0.254s] Level 5:colcon.colcon_core.verb:set package 'encoder_bridge' build argument 'catkin_skip_building_tests' from command line to 'False'
[0.254s] DEBUG:colcon.colcon_core.verb:Building package 'encoder_bridge' with the following arguments: {'ament_cmake_args': None, 'build_base': '/home/mrl_6534/ros2_ws/src/encoder_bridge/build/encoder_bridge', 'catkin_cmake_args': None, 'catkin_skip_building_tests': False, 'cmake_args': None, 'cmake_clean_cache': False, 'cmake_clean_first': False, 'cmake_force_configure': False, 'cmake_target': None, 'cmake_target_skip_unavailable': False, 'install_base': '/home/mrl_6534/ros2_ws/src/encoder_bridge/install/encoder_bridge', 'merge_install': False, 'path': '/home/mrl_6534/ros2_ws/src/encoder_bridge', 'symlink_install': False, 'test_result_base': None}
[0.254s] INFO:colcon.colcon_core.executor:Executing jobs using 'parallel' executor
[0.255s] DEBUG:colcon.colcon_parallel_executor.executor.parallel:run_until_complete
[0.255s] INFO:colcon.colcon_ros.task.ament_python.build:Building ROS package in '/home/mrl_6534/ros2_ws/src/encoder_bridge' with build type 'ament_python'
[0.255s] Level 1:colcon.colcon_core.shell:create_environment_hook('encoder_bridge', 'ament_prefix_path')
[0.258s] INFO:colcon.colcon_core.plugin_system:Skipping extension 'colcon_core.shell.bat': Not used on non-Windows systems
[0.258s] INFO:colcon.colcon_core.shell:Creating environment hook '/home/mrl_6534/ros2_ws/src/encoder_bridge/install/encoder_bridge/share/encoder_bridge/hook/ament_prefix_path.ps1'
[0.258s] INFO:colcon.colcon_core.shell:Creating environment descriptor '/home/mrl_6534/ros2_ws/src/encoder_bridge/install/encoder_bridge/share/encoder_bridge/hook/ament_prefix_path.dsv'
[0.259s] INFO:colcon.colcon_core.shell:Creating environment hook '/home/mrl_6534/ros2_ws/src/encoder_bridge/install/encoder_bridge/share/encoder_bridge/hook/ament_prefix_path.sh'
[0.259s] INFO:colcon.colcon_core.shell:Skip shell extension 'powershell' for command environment: Not usable outside of PowerShell
[0.259s] DEBUG:colcon.colcon_core.shell:Skip shell extension 'dsv' for command environment
[0.422s] INFO:colcon.colcon_core.task.python.build:Building Python package in '/home/mrl_6534/ros2_ws/src/encoder_bridge'
[0.422s] INFO:colcon.colcon_core.shell:Skip shell extension 'powershell' for command environment: Not usable outside of PowerShell
[0.423s] DEBUG:colcon.colcon_core.shell:Skip shell extension 'dsv' for command environment
[0.644s] DEBUG:colcon.colcon_core.event_handler.log_command:Invoking command in '/home/mrl_6534/ros2_ws/src/encoder_bridge': PYTHONPATH=/home/mrl_6534/ros2_ws/src/encoder_bridge/build/encoder_bridge/prefix_override:/usr/lib/python3/dist-packages/colcon_core/task/python/colcon_distutils_commands:/home/mrl_6534/ros2_ws/src/encoder_bridge/install/encoder_bridge/lib/python3.10/site-packages:${PYTHONPATH} /usr/bin/python3 -W ignore:setup.py install is deprecated -W ignore:easy_install command is deprecated setup.py egg_info --egg-base build/encoder_bridge build --build-base /home/mrl_6534/ros2_ws/src/encoder_bridge/build/encoder_bridge/build install --record /home/mrl_6534/ros2_ws/src/encoder_bridge/build/encoder_bridge/install.log --single-version-externally-managed install_data
[0.831s] DEBUG:colcon.colcon_core.event_handler.log_command:Invoked command in '/home/mrl_6534/ros2_ws/src/encoder_bridge' returned '0': PYTHONPATH=/home/mrl_6534/ros2_ws/src/encoder_bridge/build/encoder_bridge/prefix_override:/usr/lib/python3/dist-packages/colcon_core/task/python/colcon_distutils_commands:/home/mrl_6534/ros2_ws/src/encoder_bridge/install/encoder_bridge/lib/python3.10/site-packages:${PYTHONPATH} /usr/bin/python3 -W ignore:setup.py install is deprecated -W ignore:easy_install command is deprecated setup.py egg_info --egg-base build/encoder_bridge build --build-base /home/mrl_6534/ros2_ws/src/encoder_bridge/build/encoder_bridge/build install --record /home/mrl_6534/ros2_ws/src/encoder_bridge/build/encoder_bridge/install.log --single-version-externally-managed install_data
[0.833s] Level 1:colcon.colcon_core.environment:checking '/home/mrl_6534/ros2_ws/src/encoder_bridge/install/encoder_bridge' for CMake module files
[0.833s] Level 1:colcon.colcon_core.environment:checking '/home/mrl_6534/ros2_ws/src/encoder_bridge/install/encoder_bridge' for CMake config files
[0.834s] Level 1:colcon.colcon_core.environment:checking '/home/mrl_6534/ros2_ws/src/encoder_bridge/install/encoder_bridge/lib'
[0.834s] Level 1:colcon.colcon_core.environment:checking '/home/mrl_6534/ros2_ws/src/encoder_bridge/install/encoder_bridge/bin'
[0.834s] Level 1:colcon.colcon_core.environment:checking '/home/mrl_6534/ros2_ws/src/encoder_bridge/install/encoder_bridge/lib/pkgconfig/encoder_bridge.pc'
[0.834s] Level 1:colcon.colcon_core.environment:checking '/home/mrl_6534/ros2_ws/src/encoder_bridge/install/encoder_bridge/lib/python3.10/site-packages'
[0.834s] Level 1:colcon.colcon_core.shell:create_environment_hook('encoder_bridge', 'pythonpath')
[0.834s] INFO:colcon.colcon_core.shell:Creating environment hook '/home/mrl_6534/ros2_ws/src/encoder_bridge/install/encoder_bridge/share/encoder_bridge/hook/pythonpath.ps1'
[0.835s] INFO:colcon.colcon_core.shell:Creating environment descriptor '/home/mrl_6534/ros2_ws/src/encoder_bridge/install/encoder_bridge/share/encoder_bridge/hook/pythonpath.dsv'
[0.835s] INFO:colcon.colcon_core.shell:Creating environment hook '/home/mrl_6534/ros2_ws/src/encoder_bridge/install/encoder_bridge/share/encoder_bridge/hook/pythonpath.sh'
[0.835s] Level 1:colcon.colcon_core.environment:checking '/home/mrl_6534/ros2_ws/src/encoder_bridge/install/encoder_bridge/bin'
[0.835s] Level 1:colcon.colcon_core.environment:create_environment_scripts_only(encoder_bridge)
[0.836s] INFO:colcon.colcon_core.shell:Creating package script '/home/mrl_6534/ros2_ws/src/encoder_bridge/install/encoder_bridge/share/encoder_bridge/package.ps1'
[0.836s] INFO:colcon.colcon_core.shell:Creating package descriptor '/home/mrl_6534/ros2_ws/src/encoder_bridge/install/encoder_bridge/share/encoder_bridge/package.dsv'
[0.837s] INFO:colcon.colcon_core.shell:Creating package script '/home/mrl_6534/ros2_ws/src/encoder_bridge/install/encoder_bridge/share/encoder_bridge/package.sh'
[0.837s] INFO:colcon.colcon_core.shell:Creating package script '/home/mrl_6534/ros2_ws/src/encoder_bridge/install/encoder_bridge/share/encoder_bridge/package.bash'
[0.837s] INFO:colcon.colcon_core.shell:Creating package script '/home/mrl_6534/ros2_ws/src/encoder_bridge/install/encoder_bridge/share/encoder_bridge/package.zsh'
[0.838s] Level 1:colcon.colcon_core.environment:create_file_with_runtime_dependencies(/home/mrl_6534/ros2_ws/src/encoder_bridge/install/encoder_bridge/share/colcon-core/packages/encoder_bridge)
[0.838s] DEBUG:colcon.colcon_parallel_executor.executor.parallel:closing loop
[0.838s] DEBUG:colcon.colcon_parallel_executor.executor.parallel:loop closed
[0.838s] DEBUG:colcon.colcon_parallel_executor.executor.parallel:run_until_complete finished with '0'
[0.839s] DEBUG:colcon.colcon_core.event_reactor:joining thread
[0.844s] INFO:colcon.colcon_core.plugin_system:Skipping extension 'colcon_notification.desktop_notification.terminal_notifier': Not used on non-Darwin systems
[0.844s] INFO:colcon.colcon_core.plugin_system:Skipping extension 'colcon_notification.desktop_notification.win32': Not used on non-Windows systems
[0.844s] INFO:colcon.colcon_notification.desktop_notification:Sending desktop notification using 'notify2'
[0.858s] DEBUG:colcon.colcon_core.event_reactor:joined thread
[0.858s] INFO:colcon.colcon_core.shell:Creating prefix script '/home/mrl_6534/ros2_ws/src/encoder_bridge/install/local_setup.ps1'
[0.859s] INFO:colcon.colcon_core.shell:Creating prefix util module '/home/mrl_6534/ros2_ws/src/encoder_bridge/install/_local_setup_util_ps1.py'
[0.860s] INFO:colcon.colcon_core.shell:Creating prefix chain script '/home/mrl_6534/ros2_ws/src/encoder_bridge/install/setup.ps1'
[0.861s] INFO:colcon.colcon_core.shell:Creating prefix script '/home/mrl_6534/ros2_ws/src/encoder_bridge/install/local_setup.sh'
[0.861s] INFO:colcon.colcon_core.shell:Creating prefix util module '/home/mrl_6534/ros2_ws/src/encoder_bridge/install/_local_setup_util_sh.py'
[0.861s] INFO:colcon.colcon_core.shell:Creating prefix chain script '/home/mrl_6534/ros2_ws/src/encoder_bridge/install/setup.sh'
[0.862s] INFO:colcon.colcon_core.shell:Creating prefix script '/home/mrl_6534/ros2_ws/src/encoder_bridge/install/local_setup.bash'
[0.862s] INFO:colcon.colcon_core.shell:Creating prefix chain script '/home/mrl_6534/ros2_ws/src/encoder_bridge/install/setup.bash'
[0.863s] INFO:colcon.colcon_core.shell:Creating prefix script '/home/mrl_6534/ros2_ws/src/encoder_bridge/install/local_setup.zsh'
[0.863s] INFO:colcon.colcon_core.shell:Creating prefix chain script '/home/mrl_6534/ros2_ws/src/encoder_bridge/install/setup.zsh'
